app/build/intermediates/manifest_merge_blame_file/debug/manifest-merger-blame-debug-report.txt
1<?xml version="1.0" encoding="utf-8"?>
2<manifest xmlns:android="http://schemas.android.com/apk/res/android"
3    package="com.PDA.gmax"
4    android:versionCode="12"
5    android:versionName="1.2.2" >
6
7    <uses-sdk
8        android:minSdkVersion="23"
8-->src\main\AndroidManifest.xml
9        android:targetSdkVersion="31" />
9-->src\main\AndroidManifest.xml
10    <!-- WebService 사용시 추가 할 코드 -->
11    <uses-permission android:name="android.permission.INTERNET" />
11-->src\main\AndroidManifest.xml:5:5-67
11-->src\main\AndroidManifest.xml:5:22-64
12    <uses-permission android:name="android.permission.ACCESS_NETWORK_STATE" />
12-->src\main\AndroidManifest.xml:6:5-79
12-->src\main\AndroidManifest.xml:6:22-76
13    <uses-permission android:name="android.permission.ACCESS_WIFI_STATE" />
13-->src\main\AndroidManifest.xml:7:5-76
13-->src\main\AndroidManifest.xml:7:22-73
14    <uses-permission android:name="android.permission.WRITE_EXTERNAL_STORAGE" />
14-->src\main\AndroidManifest.xml:8:5-81
14-->src\main\AndroidManifest.xml:8:22-78
15    <uses-permission android:name="android.permission.READ_EXTERNAL_STORAGE" />
15-->src\main\AndroidManifest.xml:9:5-80
15-->src\main\AndroidManifest.xml:9:22-77
16    <uses-permission android:name="android.permission.CAMERA" />
16-->src\main\AndroidManifest.xml:10:5-65
16-->src\main\AndroidManifest.xml:10:22-62
17    <uses-permission android:name="android.permission.REQUEST_INSTALL_PACKAGES" />
17-->src\main\AndroidManifest.xml:11:5-83
17-->src\main\AndroidManifest.xml:11:22-80
18
19    <!-- Don't require camera, as this requires a rear camera. This allows it to work on the Nexus 7 -->
20    <uses-feature
20-->[com.journeyapps:zxing-android-embedded:3.6.0] AndroidManifest.xml:25:5-27:36
21        android:name="android.hardware.camera"
21-->[com.journeyapps:zxing-android-embedded:3.6.0] AndroidManifest.xml:26:9-47
22        android:required="false" />
22-->[com.journeyapps:zxing-android-embedded:3.6.0] AndroidManifest.xml:27:9-33
23    <uses-feature
23-->[com.journeyapps:zxing-android-embedded:3.6.0] AndroidManifest.xml:28:5-30:36
24        android:name="android.hardware.camera.front"
24-->[com.journeyapps:zxing-android-embedded:3.6.0] AndroidManifest.xml:29:9-53
25        android:required="false" /> <!-- TODO replace above two with next line after Android 4.2 -->
25-->[com.journeyapps:zxing-android-embedded:3.6.0] AndroidManifest.xml:30:9-33
26    <!-- <uses-feature android:name="android.hardware.camera.any"/> -->
27    <uses-feature
27-->[com.journeyapps:zxing-android-embedded:3.6.0] AndroidManifest.xml:33:5-35:36
28        android:name="android.hardware.camera.autofocus"
28-->[com.journeyapps:zxing-android-embedded:3.6.0] AndroidManifest.xml:34:9-57
29        android:required="false" />
29-->[com.journeyapps:zxing-android-embedded:3.6.0] AndroidManifest.xml:35:9-33
30    <uses-feature
30-->[com.journeyapps:zxing-android-embedded:3.6.0] AndroidManifest.xml:36:5-38:36
31        android:name="android.hardware.camera.flash"
31-->[com.journeyapps:zxing-android-embedded:3.6.0] AndroidManifest.xml:37:9-53
32        android:required="false" />
32-->[com.journeyapps:zxing-android-embedded:3.6.0] AndroidManifest.xml:38:9-33
33    <uses-feature
33-->[com.journeyapps:zxing-android-embedded:3.6.0] AndroidManifest.xml:39:5-41:36
34        android:name="android.hardware.screen.landscape"
34-->[com.journeyapps:zxing-android-embedded:3.6.0] AndroidManifest.xml:40:9-57
35        android:required="false" />
35-->[com.journeyapps:zxing-android-embedded:3.6.0] AndroidManifest.xml:41:9-33
36    <uses-feature
36-->[com.journeyapps:zxing-android-embedded:3.6.0] AndroidManifest.xml:42:5-44:36
37        android:name="android.hardware.wifi"
37-->[com.journeyapps:zxing-android-embedded:3.6.0] AndroidManifest.xml:43:9-45
38        android:required="false" />
38-->[com.journeyapps:zxing-android-embedded:3.6.0] AndroidManifest.xml:44:9-33
39
40    <application
40-->src\main\AndroidManifest.xml:13:5-400:19
41        android:name="com.PDA.gmax.MySession"
41-->src\main\AndroidManifest.xml:14:9-46
42        android:allowBackup="true"
42-->src\main\AndroidManifest.xml:15:9-35
43        android:appComponentFactory="androidx.core.app.CoreComponentFactory"
43-->[androidx.core:core:1.5.0] AndroidManifest.xml:24:18-86
44        android:debuggable="true"
45        android:extractNativeLibs="false"
46        android:icon="@mipmap/ic_launcher"
46-->src\main\AndroidManifest.xml:16:9-43
47        android:label="@string/app_name"
47-->src\main\AndroidManifest.xml:17:9-41
48        android:roundIcon="@mipmap/ic_launcher_round"
48-->src\main\AndroidManifest.xml:18:9-54
49        android:screenOrientation="portrait"
49-->src\main\AndroidManifest.xml:19:9-45
50        android:supportsRtl="true"
50-->src\main\AndroidManifest.xml:20:9-35
51        android:theme="@style/AppGJTheme"
51-->src\main\AndroidManifest.xml:21:9-42
52        android:usesCleartextTraffic="true" >
52-->src\main\AndroidManifest.xml:22:9-44
53        <activity
53-->src\main\AndroidManifest.xml:23:9-32:20
54            android:name="com.PDA.gmax.dialog_Loading"
54-->src\main\AndroidManifest.xml:24:13-55
55            android:exported="false"
55-->src\main\AndroidManifest.xml:25:13-37
56            android:label="@string/title_activity_loading"
56-->src\main\AndroidManifest.xml:26:13-59
57            android:theme="@style/AppGJTheme.NoActionBar" >
57-->src\main\AndroidManifest.xml:27:13-58
58            <meta-data
58-->src\main\AndroidManifest.xml:29:13-31:36
59                android:name="android.app.lib_name"
59-->src\main\AndroidManifest.xml:30:17-52
60                android:value="" />
60-->src\main\AndroidManifest.xml:31:17-33
61        </activity>
62
63        <provider
64            android:name="androidx.core.content.FileProvider"
64-->src\main\AndroidManifest.xml:35:13-62
65            android:authorities="com.PDA.gmax.fileprovider"
65-->src\main\AndroidManifest.xml:36:13-64
66            android:exported="false"
66-->src\main\AndroidManifest.xml:37:13-37
67            android:grantUriPermissions="true" >
67-->src\main\AndroidManifest.xml:38:13-47
68            <meta-data
68-->src\main\AndroidManifest.xml:39:13-41:63
69                android:name="android.support.FILE_PROVIDER_PATHS"
69-->src\main\AndroidManifest.xml:40:17-67
70                android:resource="@xml/file_provider_paths" />
70-->src\main\AndroidManifest.xml:41:17-60
71        </provider>
72
73        <activity
73-->src\main\AndroidManifest.xml:44:9-52:20
74            android:name="com.PDA.gmax.SplashActivity"
74-->src\main\AndroidManifest.xml:45:13-55
75            android:exported="true"
75-->src\main\AndroidManifest.xml:47:13-36
76            android:screenOrientation="portrait" >
76-->src\main\AndroidManifest.xml:46:13-49
77            <intent-filter>
77-->src\main\AndroidManifest.xml:48:13-51:29
78                <action android:name="android.intent.action.MAIN" />
78-->src\main\AndroidManifest.xml:49:17-68
78-->src\main\AndroidManifest.xml:49:25-66
79
80                <category android:name="android.intent.category.LAUNCHER" />
80-->src\main\AndroidManifest.xml:50:17-77
80-->src\main\AndroidManifest.xml:50:27-74
81            </intent-filter>
82        </activity>
83        <activity
83-->src\main\AndroidManifest.xml:53:9-56:52
84            android:name="com.PDA.gmax.ConfigActivity"
84-->src\main\AndroidManifest.xml:54:13-55
85            android:exported="false"
85-->src\main\AndroidManifest.xml:55:13-37
86            android:screenOrientation="portrait" />
86-->src\main\AndroidManifest.xml:56:13-49
87        <activity
87-->src\main\AndroidManifest.xml:57:9-60:52
88            android:name="com.PDA.gmax.MainActivity"
88-->src\main\AndroidManifest.xml:58:13-53
89            android:exported="true"
89-->src\main\AndroidManifest.xml:59:13-36
90            android:screenOrientation="portrait" />
90-->src\main\AndroidManifest.xml:60:13-49
91        <activity
91-->src\main\AndroidManifest.xml:61:9-64:52
92            android:name="com.PDA.gmax.RegisterActivity"
92-->src\main\AndroidManifest.xml:62:13-57
93            android:exported="false"
93-->src\main\AndroidManifest.xml:63:13-37
94            android:screenOrientation="portrait" />
94-->src\main\AndroidManifest.xml:64:13-49
95        <activity
95-->src\main\AndroidManifest.xml:65:9-68:52
96            android:name="com.PDA.gmax.ErrorPopupActivity"
96-->src\main\AndroidManifest.xml:66:13-59
97            android:exported="false"
97-->src\main\AndroidManifest.xml:67:13-37
98            android:screenOrientation="portrait" />
98-->src\main\AndroidManifest.xml:68:13-49
99        <activity
99-->src\main\AndroidManifest.xml:69:9-71:59
100            android:name="com.PDA.gmax.ErrorPopupActivity2"
100-->src\main\AndroidManifest.xml:70:13-60
101            android:theme="@android:style/Theme.Dialog" />
101-->src\main\AndroidManifest.xml:71:13-56
102        <activity
102-->src\main\AndroidManifest.xml:72:9-75:52
103            android:name="com.PDA.gmax.MenuActivity"
103-->src\main\AndroidManifest.xml:73:13-53
104            android:exported="false"
104-->src\main\AndroidManifest.xml:74:13-37
105            android:screenOrientation="portrait" />
105-->src\main\AndroidManifest.xml:75:13-49
106        <activity
106-->src\main\AndroidManifest.xml:76:9-79:52
107            android:name="com.PDA.gmax.M10.M10_Activity"
107-->src\main\AndroidManifest.xml:77:13-57
108            android:exported="false"
108-->src\main\AndroidManifest.xml:78:13-37
109            android:screenOrientation="portrait" />
109-->src\main\AndroidManifest.xml:79:13-49
110        <activity
110-->src\main\AndroidManifest.xml:80:9-83:52
111            android:name="com.PDA.gmax.M10.M11_HDR_Activity"
111-->src\main\AndroidManifest.xml:81:13-61
112            android:exported="false"
112-->src\main\AndroidManifest.xml:82:13-37
113            android:screenOrientation="portrait" />
113-->src\main\AndroidManifest.xml:83:13-49
114        <activity
114-->src\main\AndroidManifest.xml:84:9-87:52
115            android:name="com.PDA.gmax.M10.M11_DTL_Activity"
115-->src\main\AndroidManifest.xml:85:13-61
116            android:exported="false"
116-->src\main\AndroidManifest.xml:86:13-37
117            android:screenOrientation="portrait" />
117-->src\main\AndroidManifest.xml:87:13-49
118        <activity
118-->src\main\AndroidManifest.xml:88:9-91:52
119            android:name="com.PDA.gmax.M10.M12_QUERY_Activity"
119-->src\main\AndroidManifest.xml:89:13-63
120            android:exported="false"
120-->src\main\AndroidManifest.xml:90:13-37
121            android:screenOrientation="portrait" />
121-->src\main\AndroidManifest.xml:91:13-49
122        <activity
122-->src\main\AndroidManifest.xml:92:9-96:63
123            android:name="com.PDA.gmax.M10.M13_DTL_Activity"
123-->src\main\AndroidManifest.xml:93:13-61
124            android:exported="false"
124-->src\main\AndroidManifest.xml:94:13-37
125            android:screenOrientation="portrait"
125-->src\main\AndroidManifest.xml:95:13-49
126            android:windowSoftInputMode="stateAlwaysHidden" /> <!-- 자동으로 키보드 올라오는것 방지(windowSoftInputMode) -->
126-->src\main\AndroidManifest.xml:96:13-60
127        <activity
127-->src\main\AndroidManifest.xml:97:9-101:63
128            android:name="com.PDA.gmax.M10.M13_LOT_Activity"
128-->src\main\AndroidManifest.xml:98:13-61
129            android:exported="false"
129-->src\main\AndroidManifest.xml:99:13-37
130            android:screenOrientation="portrait"
130-->src\main\AndroidManifest.xml:100:13-49
131            android:windowSoftInputMode="stateAlwaysHidden" /> <!-- 자동으로 키보드 올라오는것 방지(windowSoftInputMode) -->
131-->src\main\AndroidManifest.xml:101:13-60
132        <activity
132-->src\main\AndroidManifest.xml:102:9-105:52
133            android:name="com.PDA.gmax.M10.M14_QUERY_Activity"
133-->src\main\AndroidManifest.xml:103:13-63
134            android:exported="false"
134-->src\main\AndroidManifest.xml:104:13-37
135            android:screenOrientation="portrait" />
135-->src\main\AndroidManifest.xml:105:13-49
136        <activity
136-->src\main\AndroidManifest.xml:106:9-109:52
137            android:name="com.PDA.gmax.I70.M20.M20_Activity"
137-->src\main\AndroidManifest.xml:107:13-61
138            android:exported="false"
138-->src\main\AndroidManifest.xml:108:13-37
139            android:screenOrientation="portrait" />
139-->src\main\AndroidManifest.xml:109:13-49
140        <activity
140-->src\main\AndroidManifest.xml:110:9-113:52
141            android:name="com.PDA.gmax.I70.M20.M21_HDR_Activity"
141-->src\main\AndroidManifest.xml:111:13-65
142            android:exported="false"
142-->src\main\AndroidManifest.xml:112:13-37
143            android:screenOrientation="portrait" />
143-->src\main\AndroidManifest.xml:113:13-49
144        <activity
144-->src\main\AndroidManifest.xml:114:9-117:52
145            android:name="com.PDA.gmax.I70.M20.M21_DTL_Activity"
145-->src\main\AndroidManifest.xml:115:13-65
146            android:exported="false"
146-->src\main\AndroidManifest.xml:116:13-37
147            android:screenOrientation="portrait" />
147-->src\main\AndroidManifest.xml:117:13-49
148        <activity
148-->src\main\AndroidManifest.xml:118:9-121:52
149            android:name="com.PDA.gmax.I70.M20.M22_QUERY_Activity"
149-->src\main\AndroidManifest.xml:119:13-67
150            android:exported="false"
150-->src\main\AndroidManifest.xml:120:13-37
151            android:screenOrientation="portrait" />
151-->src\main\AndroidManifest.xml:121:13-49
152        <activity
152-->src\main\AndroidManifest.xml:122:9-125:52
153            android:name="com.PDA.gmax.M40.M40_Activity"
153-->src\main\AndroidManifest.xml:123:13-57
154            android:exported="false"
154-->src\main\AndroidManifest.xml:124:13-37
155            android:screenOrientation="portrait" />
155-->src\main\AndroidManifest.xml:125:13-49
156        <activity
156-->src\main\AndroidManifest.xml:126:9-130:55
157            android:name="com.PDA.gmax.M40.M41_DTL_Activity"
157-->src\main\AndroidManifest.xml:127:13-61
158            android:exported="false"
158-->src\main\AndroidManifest.xml:128:13-37
159            android:screenOrientation="portrait"
159-->src\main\AndroidManifest.xml:129:13-49
160            android:windowSoftInputMode="adjustPan" />
160-->src\main\AndroidManifest.xml:130:13-52
161        <activity
161-->src\main\AndroidManifest.xml:131:9-135:55
162            android:name="com.PDA.gmax.M40.M41_QUERY_Activity"
162-->src\main\AndroidManifest.xml:132:13-63
163            android:exported="false"
163-->src\main\AndroidManifest.xml:133:13-37
164            android:screenOrientation="portrait"
164-->src\main\AndroidManifest.xml:134:13-49
165            android:windowSoftInputMode="adjustPan" />
165-->src\main\AndroidManifest.xml:135:13-52
166        <activity
166-->src\main\AndroidManifest.xml:136:9-140:63
167            android:name="com.PDA.gmax.M40.M42_DTL_Activity"
167-->src\main\AndroidManifest.xml:137:13-61
168            android:exported="false"
168-->src\main\AndroidManifest.xml:138:13-37
169            android:screenOrientation="portrait"
169-->src\main\AndroidManifest.xml:139:13-49
170            android:windowSoftInputMode="stateAlwaysHidden" />
170-->src\main\AndroidManifest.xml:140:13-60
171        <activity
171-->src\main\AndroidManifest.xml:141:9-144:52
172            android:name="com.PDA.gmax.M40.M43_QUERY_Activity"
172-->src\main\AndroidManifest.xml:142:13-63
173            android:exported="false"
173-->src\main\AndroidManifest.xml:143:13-37
174            android:screenOrientation="portrait" />
174-->src\main\AndroidManifest.xml:144:13-49
175        <activity
175-->src\main\AndroidManifest.xml:145:9-149:63
176            android:name="com.PDA.gmax.M40.M43_DTL_Activity"
176-->src\main\AndroidManifest.xml:146:13-61
177            android:exported="false"
177-->src\main\AndroidManifest.xml:147:13-37
178            android:screenOrientation="portrait"
178-->src\main\AndroidManifest.xml:148:13-49
179            android:windowSoftInputMode="stateAlwaysHidden" />
179-->src\main\AndroidManifest.xml:149:13-60
180        <activity
180-->src\main\AndroidManifest.xml:150:9-154:63
181            android:name="com.PDA.gmax.M40.M44_DTL_Activity"
181-->src\main\AndroidManifest.xml:151:13-61
182            android:exported="false"
182-->src\main\AndroidManifest.xml:152:13-37
183            android:screenOrientation="portrait"
183-->src\main\AndroidManifest.xml:153:13-49
184            android:windowSoftInputMode="stateAlwaysHidden" />
184-->src\main\AndroidManifest.xml:154:13-60
185        <activity
185-->src\main\AndroidManifest.xml:155:9-158:52
186            android:name="com.PDA.gmax.I10.I10_Activity"
186-->src\main\AndroidManifest.xml:156:13-57
187            android:exported="false"
187-->src\main\AndroidManifest.xml:157:13-37
188            android:screenOrientation="portrait" />
188-->src\main\AndroidManifest.xml:158:13-49
189        <activity
189-->src\main\AndroidManifest.xml:159:9-162:52
190            android:name="com.PDA.gmax.I10.I11_HDR_Activity"
190-->src\main\AndroidManifest.xml:160:13-61
191            android:exported="false"
191-->src\main\AndroidManifest.xml:161:13-37
192            android:screenOrientation="portrait" />
192-->src\main\AndroidManifest.xml:162:13-49
193        <activity
193-->src\main\AndroidManifest.xml:163:9-166:52
194            android:name="com.PDA.gmax.I10.I11_DTL_Activity"
194-->src\main\AndroidManifest.xml:164:13-61
195            android:exported="false"
195-->src\main\AndroidManifest.xml:165:13-37
196            android:screenOrientation="portrait" />
196-->src\main\AndroidManifest.xml:166:13-49
197        <activity
197-->src\main\AndroidManifest.xml:167:9-170:52
198            android:name="com.PDA.gmax.I10.I13_QUERY_Activity"
198-->src\main\AndroidManifest.xml:168:13-63
199            android:exported="false"
199-->src\main\AndroidManifest.xml:169:13-37
200            android:screenOrientation="portrait" />
200-->src\main\AndroidManifest.xml:170:13-49
201        <activity
201-->src\main\AndroidManifest.xml:171:9-174:52
202            android:name="com.PDA.gmax.I20.I20_Activity"
202-->src\main\AndroidManifest.xml:172:13-57
203            android:exported="false"
203-->src\main\AndroidManifest.xml:173:13-37
204            android:screenOrientation="portrait" />
204-->src\main\AndroidManifest.xml:174:13-49
205        <activity
205-->src\main\AndroidManifest.xml:175:9-178:52
206            android:name="com.PDA.gmax.I20.I21_HDR_Activity"
206-->src\main\AndroidManifest.xml:176:13-61
207            android:exported="false"
207-->src\main\AndroidManifest.xml:177:13-37
208            android:screenOrientation="portrait" />
208-->src\main\AndroidManifest.xml:178:13-49
209        <activity
209-->src\main\AndroidManifest.xml:179:9-182:52
210            android:name="com.PDA.gmax.I20.I21_DTL_Activity"
210-->src\main\AndroidManifest.xml:180:13-61
211            android:exported="false"
211-->src\main\AndroidManifest.xml:181:13-37
212            android:screenOrientation="portrait" />
212-->src\main\AndroidManifest.xml:182:13-49
213        <activity
213-->src\main\AndroidManifest.xml:183:9-186:52
214            android:name="com.PDA.gmax.I20.I22_HDR_Activity"
214-->src\main\AndroidManifest.xml:184:13-61
215            android:exported="false"
215-->src\main\AndroidManifest.xml:185:13-37
216            android:screenOrientation="portrait" />
216-->src\main\AndroidManifest.xml:186:13-49
217        <activity
217-->src\main\AndroidManifest.xml:187:9-190:52
218            android:name="com.PDA.gmax.I20.I22_DTL_Activity"
218-->src\main\AndroidManifest.xml:188:13-61
219            android:exported="false"
219-->src\main\AndroidManifest.xml:189:13-37
220            android:screenOrientation="portrait" />
220-->src\main\AndroidManifest.xml:190:13-49
221        <activity
221-->src\main\AndroidManifest.xml:191:9-194:52
222            android:name="com.PDA.gmax.I20.I25_QUERY_Activity"
222-->src\main\AndroidManifest.xml:192:13-63
223            android:exported="false"
223-->src\main\AndroidManifest.xml:193:13-37
224            android:screenOrientation="portrait" />
224-->src\main\AndroidManifest.xml:194:13-49
225        <activity
225-->src\main\AndroidManifest.xml:195:9-198:52
226            android:name="com.PDA.gmax.I20.I26_HDR_Activity"
226-->src\main\AndroidManifest.xml:196:13-61
227            android:exported="false"
227-->src\main\AndroidManifest.xml:197:13-37
228            android:screenOrientation="portrait" />
228-->src\main\AndroidManifest.xml:198:13-49
229        <activity
229-->src\main\AndroidManifest.xml:199:9-202:52
230            android:name="com.PDA.gmax.I20.I27_HDR_Activity"
230-->src\main\AndroidManifest.xml:200:13-61
231            android:exported="false"
231-->src\main\AndroidManifest.xml:201:13-37
232            android:screenOrientation="portrait" />
232-->src\main\AndroidManifest.xml:202:13-49
233        <activity
233-->src\main\AndroidManifest.xml:203:9-206:52
234            android:name="com.PDA.gmax.I20.I27_DTL_Activity"
234-->src\main\AndroidManifest.xml:204:13-61
235            android:exported="false"
235-->src\main\AndroidManifest.xml:205:13-37
236            android:screenOrientation="portrait" />
236-->src\main\AndroidManifest.xml:206:13-49
237        <activity
237-->src\main\AndroidManifest.xml:207:9-210:52
238            android:name="com.PDA.gmax.I30.I30_Activity"
238-->src\main\AndroidManifest.xml:208:13-57
239            android:exported="false"
239-->src\main\AndroidManifest.xml:209:13-37
240            android:screenOrientation="portrait" />
240-->src\main\AndroidManifest.xml:210:13-49
241        <activity
241-->src\main\AndroidManifest.xml:211:9-214:52
242            android:name="com.PDA.gmax.I30.I31_HDR_Activity"
242-->src\main\AndroidManifest.xml:212:13-61
243            android:exported="false"
243-->src\main\AndroidManifest.xml:213:13-37
244            android:screenOrientation="portrait" />
244-->src\main\AndroidManifest.xml:214:13-49
245        <activity
245-->src\main\AndroidManifest.xml:215:9-218:52
246            android:name="com.PDA.gmax.I30.I31_DTL_Activity"
246-->src\main\AndroidManifest.xml:216:13-61
247            android:exported="false"
247-->src\main\AndroidManifest.xml:217:13-37
248            android:screenOrientation="portrait" />
248-->src\main\AndroidManifest.xml:218:13-49
249        <activity
249-->src\main\AndroidManifest.xml:219:9-222:52
250            android:name="com.PDA.gmax.I30.I34_QUERY_Activity"
250-->src\main\AndroidManifest.xml:220:13-63
251            android:exported="false"
251-->src\main\AndroidManifest.xml:221:13-37
252            android:screenOrientation="portrait" />
252-->src\main\AndroidManifest.xml:222:13-49
253        <activity
253-->src\main\AndroidManifest.xml:223:9-226:52
254            android:name="com.PDA.gmax.I30.I35_HDR_Activity"
254-->src\main\AndroidManifest.xml:224:13-61
255            android:exported="false"
255-->src\main\AndroidManifest.xml:225:13-37
256            android:screenOrientation="portrait" />
256-->src\main\AndroidManifest.xml:226:13-49
257        <activity
257-->src\main\AndroidManifest.xml:227:9-230:52
258            android:name="com.PDA.gmax.I30.I35_DTL_Activity"
258-->src\main\AndroidManifest.xml:228:13-61
259            android:exported="false"
259-->src\main\AndroidManifest.xml:229:13-37
260            android:screenOrientation="portrait" />
260-->src\main\AndroidManifest.xml:230:13-49
261        <activity
261-->src\main\AndroidManifest.xml:231:9-234:52
262            android:name="com.PDA.gmax.I30.I36_QUERY_Activity"
262-->src\main\AndroidManifest.xml:232:13-63
263            android:exported="false"
263-->src\main\AndroidManifest.xml:233:13-37
264            android:screenOrientation="portrait" />
264-->src\main\AndroidManifest.xml:234:13-49
265        <activity
265-->src\main\AndroidManifest.xml:235:9-238:52
266            android:name="com.PDA.gmax.I30.I37_HDR_Activity"
266-->src\main\AndroidManifest.xml:236:13-61
267            android:exported="false"
267-->src\main\AndroidManifest.xml:237:13-37
268            android:screenOrientation="portrait" />
268-->src\main\AndroidManifest.xml:238:13-49
269        <activity
269-->src\main\AndroidManifest.xml:239:9-242:52
270            android:name="com.PDA.gmax.I30.I37_DTL_Activity"
270-->src\main\AndroidManifest.xml:240:13-61
271            android:exported="false"
271-->src\main\AndroidManifest.xml:241:13-37
272            android:screenOrientation="portrait" />
272-->src\main\AndroidManifest.xml:242:13-49
273        <activity
273-->src\main\AndroidManifest.xml:243:9-246:52
274            android:name="com.PDA.gmax.I30.I38_HDR_Activity"
274-->src\main\AndroidManifest.xml:244:13-61
275            android:exported="false"
275-->src\main\AndroidManifest.xml:245:13-37
276            android:screenOrientation="portrait" />
276-->src\main\AndroidManifest.xml:246:13-49
277        <activity
277-->src\main\AndroidManifest.xml:247:9-250:52
278            android:name="com.PDA.gmax.I30.I38_DTL_Activity"
278-->src\main\AndroidManifest.xml:248:13-61
279            android:exported="false"
279-->src\main\AndroidManifest.xml:249:13-37
280            android:screenOrientation="portrait" />
280-->src\main\AndroidManifest.xml:250:13-49
281        <activity
281-->src\main\AndroidManifest.xml:251:9-254:52
282            android:name="com.PDA.gmax.I40.I40_Activity"
282-->src\main\AndroidManifest.xml:252:13-57
283            android:exported="false"
283-->src\main\AndroidManifest.xml:253:13-37
284            android:screenOrientation="portrait" />
284-->src\main\AndroidManifest.xml:254:13-49
285        <activity
285-->src\main\AndroidManifest.xml:255:9-258:52
286            android:name="com.PDA.gmax.I50.I50_Activity"
286-->src\main\AndroidManifest.xml:256:13-57
287            android:exported="false"
287-->src\main\AndroidManifest.xml:257:13-37
288            android:screenOrientation="portrait" />
288-->src\main\AndroidManifest.xml:258:13-49
289        <activity
289-->src\main\AndroidManifest.xml:259:9-262:52
290            android:name="com.PDA.gmax.I60.I60_Activity"
290-->src\main\AndroidManifest.xml:260:13-57
291            android:exported="false"
291-->src\main\AndroidManifest.xml:261:13-37
292            android:screenOrientation="portrait" />
292-->src\main\AndroidManifest.xml:262:13-49
293        <activity
293-->src\main\AndroidManifest.xml:263:9-266:52
294            android:name="com.PDA.gmax.I60.I62_HDR_Activity"
294-->src\main\AndroidManifest.xml:264:13-61
295            android:exported="false"
295-->src\main\AndroidManifest.xml:265:13-37
296            android:screenOrientation="portrait" />
296-->src\main\AndroidManifest.xml:266:13-49
297        <activity
297-->src\main\AndroidManifest.xml:267:9-270:52
298            android:name="com.PDA.gmax.S10.S10_Activity"
298-->src\main\AndroidManifest.xml:268:13-57
299            android:exported="false"
299-->src\main\AndroidManifest.xml:269:13-37
300            android:screenOrientation="portrait" />
300-->src\main\AndroidManifest.xml:270:13-49
301        <activity
301-->src\main\AndroidManifest.xml:271:9-274:52
302            android:name="com.PDA.gmax.S10.S11_QUERY_Activity"
302-->src\main\AndroidManifest.xml:272:13-63
303            android:exported="false"
303-->src\main\AndroidManifest.xml:273:13-37
304            android:screenOrientation="portrait" />
304-->src\main\AndroidManifest.xml:274:13-49
305        <activity
305-->src\main\AndroidManifest.xml:275:9-278:52
306            android:name="com.PDA.gmax.S10.S11_DTL_Activity"
306-->src\main\AndroidManifest.xml:276:13-61
307            android:exported="false"
307-->src\main\AndroidManifest.xml:277:13-37
308            android:screenOrientation="portrait" />
308-->src\main\AndroidManifest.xml:278:13-49
309        <activity
309-->src\main\AndroidManifest.xml:279:9-282:52
310            android:name="com.PDA.gmax.S10.S12_HDR_Activity"
310-->src\main\AndroidManifest.xml:280:13-61
311            android:exported="false"
311-->src\main\AndroidManifest.xml:281:13-37
312            android:screenOrientation="portrait" />
312-->src\main\AndroidManifest.xml:282:13-49
313        <activity
313-->src\main\AndroidManifest.xml:283:9-286:52
314            android:name="com.PDA.gmax.S10.S12_DTL_Activity"
314-->src\main\AndroidManifest.xml:284:13-61
315            android:exported="false"
315-->src\main\AndroidManifest.xml:285:13-37
316            android:screenOrientation="portrait" />
316-->src\main\AndroidManifest.xml:286:13-49
317        <activity
317-->src\main\AndroidManifest.xml:287:9-291:63
318            android:name="com.PDA.gmax.S10.S12_PKG_Activity"
318-->src\main\AndroidManifest.xml:288:13-61
319            android:exported="false"
319-->src\main\AndroidManifest.xml:289:13-37
320            android:screenOrientation="portrait"
320-->src\main\AndroidManifest.xml:290:13-49
321            android:windowSoftInputMode="stateAlwaysHidden" /> <!-- 자동으로 키보드 올라오는것 방지(windowSoftInputMode) -->
321-->src\main\AndroidManifest.xml:291:13-60
322        <activity
322-->src\main\AndroidManifest.xml:292:9-296:62
323            android:name="com.PDA.gmax.S10.S12_LOT_Activity"
323-->src\main\AndroidManifest.xml:293:13-61
324            android:exported="false"
324-->src\main\AndroidManifest.xml:294:13-37
325            android:screenOrientation="portrait"
325-->src\main\AndroidManifest.xml:295:13-49
326            android:windowSoftInputMode="stateAlwaysHidden" />
326-->src\main\AndroidManifest.xml:296:13-60
327        <activity
327-->src\main\AndroidManifest.xml:297:9-301:63
328            android:name="com.PDA.gmax.S10.S12_CUSTOM_Activity"
328-->src\main\AndroidManifest.xml:298:13-64
329            android:exported="false"
329-->src\main\AndroidManifest.xml:299:13-37
330            android:screenOrientation="portrait"
330-->src\main\AndroidManifest.xml:300:13-49